<?xml version="1.0" encoding="UTF-8"?>
<testng-results skipped="0" failed="0" ignored="0" total="1" passed="1">
  <reporter-output>
  </reporter-output>
  <suite name="Suite" duration-ms="7179" started-at="2021-05-23T10:44:53 IST" finished-at="2021-05-23T10:45:00 IST">
    <groups>
    </groups>
    <test name="Test" duration-ms="7179" started-at="2021-05-23T10:44:53 IST" finished-at="2021-05-23T10:45:00 IST">
      <class name="Login">
        <test-method status="PASS" signature="set()[pri:0, instance:Login@4d95d2a2]" name="set" duration-ms="7005" started-at="2021-05-23T10:44:53 IST" finished-at="2021-05-23T10:45:00 IST">
          <reporter-output>
          </reporter-output>
        </test-method> <!-- set -->
      </class> <!-- Login -->
    </test> <!-- Test -->
  </suite> <!-- Suite -->
</testng-results>
